\BOOKMARK [0][-]{chapter*.2}{Table des figures}{}% 1
\BOOKMARK [0][-]{chapter*.3}{Liste des tableaux}{}% 2
\BOOKMARK [0][-]{chapter.1}{Introduction}{}% 3
\BOOKMARK [0][-]{chapter.2}{Rapport technique}{}% 4
\BOOKMARK [1][-]{section.2.1}{Structure}{chapter.2}% 5
\BOOKMARK [2][-]{subsection.2.1.1}{Pages liminaires}{section.2.1}% 6
\BOOKMARK [2][-]{subsection.2.1.2}{Corps}{section.2.1}% 7
\BOOKMARK [2][-]{subsection.2.1.3}{Parties annexes}{section.2.1}% 8
\BOOKMARK [1][-]{section.2.2}{Recommandations face \340 la r\351daction}{chapter.2}% 9
\BOOKMARK [2][-]{subsection.2.2.1}{Usage de la classe ULrapport}{section.2.2}% 10
\BOOKMARK [2][-]{subsection.2.2.2}{Utilisation judicieuse des figures}{section.2.2}% 11
\BOOKMARK [2][-]{subsection.2.2.3}{Emploi de tableaux pertinents}{section.2.2}% 12
\BOOKMARK [0][-]{chapter.3}{Recommandations typographiques}{}% 13
\BOOKMARK [0][-]{chapter.4}{Exemples LaTeX}{}% 14
\BOOKMARK [1][-]{section.4.1}{Outils de r\351f\351rences}{chapter.4}% 15
\BOOKMARK [1][-]{section.4.2}{Exemples d'objets flottants}{chapter.4}% 16
\BOOKMARK [2][-]{subsection.4.2.1}{Exemples de figures}{section.4.2}% 17
\BOOKMARK [3][-]{subsubsection.4.2.1.1}{Objet graphique vectoriel de type PDF}{subsection.4.2.1}% 18
\BOOKMARK [3][-]{subsubsection.4.2.1.2}{Objets graphiques binaires de type JPEG}{subsection.4.2.1}% 19
\BOOKMARK [2][-]{subsection.4.2.2}{Exemples de tableaux}{section.4.2}% 20
\BOOKMARK [3][-]{subsubsection.4.2.2.1}{Tableau simple}{subsection.4.2.2}% 21
\BOOKMARK [3][-]{subsubsection.4.2.2.2}{Tableau avec cellules multilignes}{subsection.4.2.2}% 22
\BOOKMARK [3][-]{subsubsection.4.2.2.3}{Tableau avec cellules contenant un long texte}{subsection.4.2.2}% 23
\BOOKMARK [2][-]{subsection.4.2.3}{Autres tableaux possibles}{section.4.2}% 24
\BOOKMARK [3][-]{subsubsection.4.2.3.1}{Tableaux plus larges que le corps du texte}{subsection.4.2.3}% 25
\BOOKMARK [3][-]{subsubsection.4.2.3.2}{Tableaux plus longs qu'une page}{subsection.4.2.3}% 26
\BOOKMARK [1][-]{section.4.3}{Ouvrages cit\351s et URL}{chapter.4}% 27
\BOOKMARK [0][-]{chapter.5}{Unit\351s SI et r\350gles d'\351criture}{}% 28
\BOOKMARK [1][-]{section.5.1}{Unit\351s accept\351es}{chapter.5}% 29
\BOOKMARK [2][-]{subsection.5.1.1}{Unit\351s SI de base}{section.5.1}% 30
\BOOKMARK [2][-]{subsection.5.1.2}{Unit\351s SI d\351riv\351es}{section.5.1}% 31
\BOOKMARK [2][-]{subsection.5.1.3}{Autres unit\351s en usage}{section.5.1}% 32
\BOOKMARK [1][-]{section.5.2}{Pr\351fixes recommand\351s}{chapter.5}% 33
\BOOKMARK [1][-]{section.5.3}{R\350gles d'\351criture}{chapter.5}% 34
\BOOKMARK [2][-]{subsection.5.3.1}{Unit\351s et leurs symboles}{section.5.3}% 35
\BOOKMARK [2][-]{subsection.5.3.2}{Expressions alg\351briques de symboles d'unit\351s}{section.5.3}% 36
\BOOKMARK [2][-]{subsection.5.3.3}{Usage des pr\351fixes}{section.5.3}% 37
\BOOKMARK [2][-]{subsection.5.3.4}{Choix des pr\351fixes}{section.5.3}% 38
\BOOKMARK [2][-]{subsection.5.3.5}{R\350gles d'\351criture des valeurs num\351riques}{section.5.3}% 39
\BOOKMARK [2][-]{subsection.5.3.6}{R\350gles d'\351criture des valeurs avec unit\351s}{section.5.3}% 40
\BOOKMARK [2][-]{subsection.5.3.7}{Conventions pour la pr\351sentation des r\351sultats de mesure}{section.5.3}% 41
\BOOKMARK [3][-]{subsubsection.5.3.7.1}{Notation des r\351sultats avec incertitude}{subsection.5.3.7}% 42
\BOOKMARK [3][-]{subsubsection.5.3.7.2}{Nombre de chiffres significatifs}{subsection.5.3.7}% 43
\BOOKMARK [3][-]{subsubsection.5.3.7.3}{Pr\351cision de l'incertitude}{subsection.5.3.7}% 44
\BOOKMARK [3][-]{subsubsection.5.3.7.4}{R\350gles d'arrondi}{subsection.5.3.7}% 45
\BOOKMARK [0][-]{chapter*.15}{Bibliographie}{}% 46
\BOOKMARK [0][-]{appendix.A}{Liste des sigles et des acronymes}{}% 47
